2026-02-23 20:46:29 [INFO] src.utils: TF CPU parallelism configured: 4 threads
2026-02-23 20:46:29 [INFO] __main__: ════════════════════════════════════════════════════════════
2026-02-23 20:46:29 [INFO] __main__:   Sleep Intelligence System — Training
2026-02-23 20:46:29 [INFO] __main__:   TF version: 2.20.0  |  Cores: 4
2026-02-23 20:46:29 [INFO] __main__: ════════════════════════════════════════════════════════════
2026-02-23 20:46:29 [INFO] __main__: Stage 1/4 — Preprocessing …
2026-02-23 20:46:29 [INFO] src.preprocessing: Loading dataset from realistic_sleep_dataset_v4.csv …
2026-02-23 20:46:31 [INFO] src.preprocessing: Dataset loaded: 176155 rows × 28 cols | stages: {'Light': 90193, 'Awake': 31918, 'Deep': 29163, 'REM': 24881}
2026-02-23 20:46:31 [INFO] src.preprocessing: Split → train 22 users (130280 rows) | val 4 users (22361 rows) | test 4 users (23514 rows)
2026-02-23 20:46:31 [INFO] src.preprocessing: Windowing 330 user-day groups (window=30, stride=10) on 4 workers …
2026-02-23 20:46:33 [INFO] src.preprocessing: Windows created: X=(12214, 30, 22)  y=(12214,)
2026-02-23 20:46:33 [INFO] src.preprocessing: Windowing 60 user-day groups (window=30, stride=10) on 4 workers …
2026-02-23 20:46:33 [INFO] src.preprocessing: Windows created: X=(2089, 30, 22)  y=(2089,)
2026-02-23 20:46:33 [INFO] src.preprocessing: Windowing 60 user-day groups (window=30, stride=10) on 4 workers …
2026-02-23 20:46:33 [INFO] src.preprocessing: Windows created: X=(2205, 30, 22)  y=(2205,)
2026-02-23 20:46:33 [INFO] src.preprocessing: Oversampled minorities → X=(17790, 30, 22)  y distribution: {np.int8(0): np.int64(3812), np.int8(1): np.int64(6354), np.int8(2): np.int64(3812), np.int8(3): np.int64(3812)}
2026-02-23 20:46:33 [INFO] src.preprocessing: Class weights: {0: 1.7500655823714586, 1: 0.6999527856468366, 2: 1.7500655823714586, 3: 1.7500655823714586}
2026-02-23 20:46:33 [INFO] src.utils: Scaler saved → checkpoints/scaler.pkl
2026-02-23 20:46:33 [INFO] __main__: Data ready → train: (17790, 30, 22) | val: (2089, 30, 22) | test: (2205, 30, 22)  (4.7s)
2026-02-23 20:46:33 [INFO] __main__: Stage 2/4 — MOPSO skipped (use --mopso to enable)
2026-02-23 20:46:33 [INFO] __main__: Stage 3/4 — Building model …
2026-02-23 20:46:34 [INFO] __main__: Stage 4/4 — Training …
2026-02-23 20:48:36 [INFO] __main__: Training completed in 122.5s
2026-02-23 20:48:36 [INFO] __main__: Loaded best checkpoint: checkpoints/best_model.keras
2026-02-23 20:48:36 [INFO] __main__: Evaluating on test set …
2026-02-23 20:48:38 [INFO] __main__: ════════════════════════════════════════════════════════════
2026-02-23 20:48:38 [INFO] __main__:   TEST RESULTS
2026-02-23 20:48:38 [INFO] __main__:   Accuracy        : 0.9660
2026-02-23 20:48:38 [INFO] __main__:   Cohen's Kappa   : 0.9482
2026-02-23 20:48:38 [INFO] __main__:   Mean FAR        : 0.0108
2026-02-23 20:48:38 [INFO] __main__:   Sleep Efficiency: 0.8227
2026-02-23 20:48:38 [INFO] __main__:   Sleep Quality ↑ : 93.64 / 100
2026-02-23 20:48:38 [INFO] __main__: ════════════════════════════════════════════════════════════
2026-02-23 20:48:38 [INFO] __main__:   Awake  → P=0.990 R=0.997 F1=0.994  FAR=0.002
2026-02-23 20:48:38 [INFO] __main__:   Light  → P=0.993 R=0.953 F1=0.972  FAR=0.008
2026-02-23 20:48:38 [INFO] __main__:   Deep   → P=0.985 R=0.959 F1=0.972  FAR=0.003
2026-02-23 20:48:38 [INFO] __main__:   REM    → P=0.842 R=0.984 F1=0.907  FAR=0.031
2026-02-23 20:48:38 [INFO] src.utils: Metrics saved → logs/test_metrics.json
2026-02-23 20:48:38 [INFO] src.utils: Training curves saved → logs/training_curves.png
2026-02-23 20:48:39 [INFO] src.utils: Confusion matrix saved → logs/confusion_matrix.png
2026-02-23 20:48:40 [INFO] src.utils: Hypnogram saved → logs/hypnogram_sample.png
2026-02-23 20:48:40 [INFO] __main__: All outputs saved to 'logs/' and 'checkpoints/'
2026-02-23 20:48:40 [INFO] __main__: Done ✓
