2026-05-21 13:26:13 [INFO] src.utils: TF CPU parallelism configured: 4 threads
2026-05-21 13:26:13 [INFO] __main__: ================================================================================
2026-05-21 13:26:13 [INFO] __main__:   Sleep Intelligence System -- Training
2026-05-21 13:26:13 [INFO] __main__:   TF version: 2.20.0  |  Cores: 4
2026-05-21 13:26:13 [INFO] __main__:   Config mode: Ablation defaults
2026-05-21 13:26:13 [INFO] __main__:   Data windowing: window_size=30 stride=10
2026-05-21 13:26:13 [INFO] __main__:   Ablation components: CNN=True | GRU=False | LSTM=True | variant=cnn_lstm
2026-05-21 13:26:13 [INFO] __main__: ================================================================================
2026-05-21 13:26:13 [INFO] __main__: [Ablation Mode] Using built-in model/training defaults.
2026-05-21 13:26:13 [INFO] __main__: Stage 1/4 — Preprocessing …
2026-05-21 13:26:18 [INFO] src.utils: Scaler saved -> checkpoints\ablation_cnn_lstm\scaler.pkl
2026-05-21 13:26:18 [INFO] __main__: Data ready -> train: (17561, 30, 22) | val: (2318, 30, 22) | test: (2296, 30, 22)  (4.7s)
2026-05-21 13:26:18 [INFO] __main__: Stage 2/4 — MOPSO skipped (use --mopso to enable)
2026-05-21 13:26:18 [INFO] __main__: Keeping original validation split for ablation monitoring: train=17561 val=2318
2026-05-21 13:26:18 [INFO] __main__: Stage 3/4 — Building model …
2026-05-21 13:26:18 [INFO] __main__: Stage 4/4 — Training …
2026-05-21 13:26:18 [INFO] __main__: Using original validation set for monitoring: 2318 windows
2026-05-21 13:28:39 [INFO] __main__: Training completed in 140.3s
2026-05-21 13:28:39 [INFO] __main__: Loaded best checkpoint: checkpoints\ablation_cnn_lstm\best_model.keras
2026-05-21 13:28:39 [INFO] __main__: Evaluating on test set …
2026-05-21 13:28:41 [INFO] __main__: ============================================================
2026-05-21 13:28:41 [INFO] __main__:   TEST RESULTS
2026-05-21 13:28:41 [INFO] __main__:   Accuracy        : 0.9321
2026-05-21 13:28:41 [INFO] __main__:   Cohen's Kappa   : 0.8999
2026-05-21 13:28:41 [INFO] __main__:   Mean FAR        : 0.0207
2026-05-21 13:28:41 [INFO] __main__:   Sleep Efficiency: 0.8497
2026-05-21 13:28:41 [INFO] __main__:   Sleep Quality ^ : 91.46 / 100
2026-05-21 13:28:41 [INFO] __main__: ============================================================
2026-05-21 13:28:41 [INFO] __main__:   Awake  -> P=0.983 R=0.977 F1=0.980  FAR=0.003
2026-05-21 13:28:41 [INFO] __main__:   Light  -> P=0.995 R=0.888 F1=0.938  FAR=0.004
2026-05-21 13:28:41 [INFO] __main__:   Deep   -> P=0.914 R=0.982 F1=0.947  FAR=0.023
2026-05-21 13:28:41 [INFO] __main__:   REM    -> P=0.755 R=0.972 F1=0.850  FAR=0.052
2026-05-21 13:28:41 [INFO] src.utils: Metrics saved -> logs\ablation_cnn_lstm\test_metrics.json
2026-05-21 13:28:41 [INFO] src.utils: Plot saved -> logs\ablation_cnn_lstm\class_distribution_train.png
2026-05-21 13:28:41 [INFO] src.utils: Generating comprehensive plot suite -> logs\ablation_cnn_lstm/
2026-05-21 13:28:42 [INFO] src.utils: Plot saved -> logs\ablation_cnn_lstm/training_curves.png
2026-05-21 13:28:43 [INFO] src.utils: Plot saved -> logs\ablation_cnn_lstm/confusion_matrix.png
2026-05-21 13:28:43 [INFO] src.utils: Plot saved -> logs\ablation_cnn_lstm/confusion_matrix_counts.png
2026-05-21 13:28:45 [INFO] src.utils: Plot saved -> logs\ablation_cnn_lstm/hypnogram_predicted.png
2026-05-21 13:28:46 [INFO] src.utils: Plot saved -> logs\ablation_cnn_lstm/hypnogram_comparison.png
2026-05-21 13:28:47 [INFO] src.utils: Plot saved -> logs\ablation_cnn_lstm/per_class_metrics.png
2026-05-21 13:28:47 [INFO] src.utils: Plot saved -> logs\ablation_cnn_lstm/false_alarm_rates.png
2026-05-21 13:28:47 [INFO] src.utils: Plot saved -> logs\ablation_cnn_lstm/metrics_radar.png
2026-05-21 13:28:48 [INFO] src.utils: Plot saved -> logs\ablation_cnn_lstm/metrics_summary_table.png
2026-05-21 13:28:48 [INFO] src.utils: Plot saved -> logs\ablation_cnn_lstm/roc_curves.png
2026-05-21 13:28:49 [INFO] src.utils: Plot saved -> logs\ablation_cnn_lstm/confidence_distribution.png
2026-05-21 13:28:50 [INFO] src.utils: Plot saved -> logs\ablation_cnn_lstm/stage_probabilities.png
2026-05-21 13:28:50 [INFO] src.utils: Plot saved -> logs\ablation_cnn_lstm/class_distribution_true.png
2026-05-21 13:28:50 [INFO] src.utils: Plot saved -> logs\ablation_cnn_lstm/class_distribution_pred.png
2026-05-21 13:28:51 [INFO] src.utils: Plot saved -> logs\ablation_cnn_lstm/transition_matrix_pred.png
2026-05-21 13:28:52 [INFO] src.utils: Plot saved -> logs\ablation_cnn_lstm/transition_matrix_true.png
2026-05-21 13:28:56 [INFO] src.utils: Plot saved -> logs\ablation_cnn_lstm/feature_correlation.png
2026-05-21 13:28:56 [INFO] src.utils: Plot saved -> logs\ablation_cnn_lstm/sleep_quality_gauge.png
2026-05-21 13:28:58 [INFO] src.utils: Plot saved -> logs\ablation_cnn_lstm/dashboard.png
2026-05-21 13:28:58 [INFO] src.utils: All 20 plots saved to logs\ablation_cnn_lstm/
2026-05-21 13:28:58 [INFO] __main__: All outputs saved to 'logs\ablation_cnn_lstm/' and 'checkpoints\ablation_cnn_lstm/'
2026-05-21 13:28:58 [INFO] __main__: Done.
